#
# A fatal error has been detected by the Java Runtime Environment:
#
#  EXCEPTION_ACCESS_VIOLATION (0xc0000005) at pc=0x00007ffe1c0b201f, pid=6844, tid=12568
#
# JRE version: Java(TM) SE Runtime Environment (20.0.1+9) (build 20.0.1+9-29)
# Java VM: Java HotSpot(TM) 64-Bit Server VM (20.0.1+9-29, mixed mode, sharing, tiered, compressed oops, compressed class ptrs, g1 gc, windows-amd64)
# Problematic frame:
# V  [jvm.dll+0x2a201f]
#
# No core dump will be written. Minidumps are not enabled by default on client versions of Windows
#
# If you would like to submit a bug report, please visit:
#   https://bugreport.java.com/bugreport/crash.jsp
#

---------------  S U M M A R Y ------------

Command Line: -Dmaven.multiModuleProjectDirectory=C:/Users/HELEN/Documents/project2/0523-RemFr-JavaAngular-P2-backend-brainwave org.apache.maven.wrapper.MavenWrapperMain spring-boot:run

Host: Intel(R) Celeron(R) J4125 CPU @ 2.00GHz, 4 cores, 7G,  Windows 10 , 64 bit Build 19041 (10.0.19041.3031)
Time: Sun Jul  9 15:57:13 2023 Paris, Madrid (heure duild 19041 (10.0.19041.3031) elapsed time: 3.658916 seconds (0d 0h 0m 3s)

---------------  T H R E A D  ---------------

Current thread (0x00000254f2510050):  JavaThread "C2 CompilerThread1" daemon [_thread_in_native, id=12568, stack(0x0000005507900000,0x0000005507a00000)]


Current CompileTask:
C2:   3659 2809       4       org.codehaus.plexus.util.xml.pull.MXParser::parseStartTag (1190 bytes)

Stack: [0x0000005507900000,0x0000005507a00000],  sp=0x00000055079fb8c0,  free space=1006k
Native frames: (J=compiled Java code, j=interpreted, Vv=VM code, C=native code)
V  [jvm.dll+0x2a201f]
V  [jvm.dll+0x645e48]
V  [jvm.dll+0x645e0f]
V  [jvm.dll+0x64becc]
V  [jvm.dll+0x64cefc]
V  [jvm.dll+0x64b2b0]
V  [jvm.dll+0x24b0de]
V  [jvm.dll+0x24a651]
V  [jvm.dll+0x1ce491]
V  [jvm.dll+0x259e1b]
V  [jvm.dll+0x2584f0]
V  [jvm.dll+0x3f2895]
V  [jvm.dll+0x7f4b56]
V  [jvm.dll+0x6ba5cb]
C  [ucrtbase.dll+0x21bb2]
C  [KERNEL32.DLL+0x17614]
C  [ntdll.dll+0x526f1]


siginfo: EXCEPTION_ACCESS_VIOLATION (0xc0000005), writing address 0x0000000000000001


Registers:
RAX=0x0000000000000001, RBX=0x00000254f1cd8ac0, RCX=0x00000254ed0f7868, RDX=0x0000000000000004
RSP=0x00000055079fb8c0, RBP=0x00000254f1cda300, RSI=0x00000254f1cd8ac0, RDI=0x00000254ed0f7868
R8 =0x00000254f1cd8ac0, R9 =0x00007ffe1c0a9e68, R10=0x0000000000000030, R11=0x00000254f1cd8ac8
R12=0x0000000000000001, R13=0x0000000000000002, R14=0x00007ffe1be10000, R15=0x00000254f1cd94e0
RIP=0x00007ffe1c0b201f, EFLAGS=0x0000000000010246


Register to memory mapping:

RIP=0x00007ffe1c0b201f jvm.dll
RAX=0x0000000000000001 is an unknown value
RBX=0x00000254f1cd8ac0 points into unknown readable memory: 0x00007ffe1c7535a0 | a0 35 75 1c fe 7f 00 00
RCX=0x00000254ed0f7868 points into unknown readable memory: 0x0000000000000000 | 00 00 00 00 00 00 00 00
RDX=0x0000000000000004 is an unknown value
RSP=0x00000055079fb8c0 is pointing into the stack for thread: 0x00000254f2510050
RBP=0x00000254f1cda300 points into unknown readable memory: 0x00007ffe1c7518a8 | a8 18 75 1c fe 7f 00 00
RSI=0x00000254f1cd8ac0 points into unknown readable memory: 0x00007ffe1c7535a0 | a0 35 75 1c fe 7f 00 00
RDI=0x00000254ed0f7868 points into unknown readable memory: 0x0000000000000000 | 00 00 00 00 00 00 00 00
R8 =0x00000254f1cd8ac0 points into unknown readable memory: 0x00007ffe1c7535a0 | a0 35 75 1c fe 7f 00 00
R9 =0x00007ffe1c0a9e68 jvm.dll
R10=0x0000000000000030 is an unknown value
R11=0x00000254f1cd8ac8 points into unknown readable memory: 0x00000254f1cd8b10 | 10 8b cd f1 54 02 00 00
R12=0x0000000000000001 is an unknown value
R13=0x0000000000000002 is an unknown value
R14=0x00007ffe1be10000 jvm.dll
R15=0x00000254f1cd94e0 points into unknown readable memory: 0x00007ffe1c74c890 | 90 c8 74 1c fe 7f 00 00


Top of Stack: (sp=0x00000055079fb8c0)
0x00000055079fb8c0:   00000254f2091810 00000055079fbee0
0x00000055079fb8d0:   0000000000000000 00000254f1cd9810
0x00000055079fb8e0:   00000254f1cd94e0 00000254f1cd8aec
0x00000055079fb8f0:   00000254ed0f7868 00007ffe1c455e48
0x00000055079fb900:   00000254f1cd8ac0 00000254f1cda300
0x00000055079fb910:   00000254f1a23c70 0000000000000000
0x00000055079fb920:   0000000000000000 00007ffe1c952110
0x00000055079fb930:   0000000400000001 0000000000000010
0x00000055079fb940:   0000000000000002 0000000000000000
0x00000055079fb950:   00000254ed0f70e0 00000254f1cd95b8
0x00000055079fb960:   00000055079fbee0 00000254f1cda300
0x00000055079fb970:   00000254f1cd94e0 00007ffe1c455e0f
0x00000055079fb980:   00000055079fbee0 0000000000000000
0x00000055079fb990:   00000254ed0f70e0 00000254f1cda300
0x00000055079fb9a0:   00000055079fbab8 00000254f1cd9868
0x00000055079fb9b0:   0000000400000001 0000000000000010
0x00000055079fb9c0:   00000254ed0f5980 00000055079fbee0
0x00000055079fb9d0:   0000000000000000 00000055079fbee0
0x00000055079fb9e0:   00000254f1cd95b8 00000055079fc868
0x00000055079fb9f0:   0000000000000001 00007ffe1c45becc
0x00000055079fba00:   00000055079fbee0 00000254ed0f6958
0x00000055079fba10:   00000254ed0f6958 00000254f1cda300
0x00000055079fba20:   00000055079fbab8 00007ffe1bed2c4e
0x00000055079fba30:   00000000000027d8 00000254ed0f6958
0x00000055079fba40:   00000254ed0f8168 00000254f1cd87b8
0x00000055079fba50:   00000254f1a25bf8 0000000000000005
0x00000055079fba60:   0000000000000068 00000254f1cd95b8
0x00000055079fba70:   00000055079fbee0 0000000000000000
0x00000055079fba80:   00000254f25affc8 00000055079fbb00
0x00000055079fba90:   00000254f1cd95b8 00007ffe1c45cefc
0x00000055079fbaa0:   000002540000fffe 0000025400000118
0x00000055079fbab0:   00000254f1cd9418 00000254f1cd9418 

Instructions: (pc=0x00007ffe1c0b201f)
0x00007ffe1c0b1f1f:   b0 01 e9 f4 00 00 00 48 8b 81 78 07 00 00 48 85
0x00007ffe1c0b1f2f:   c0 0f 84 ad 00 00 00 f6 80 58 05 00 00 01 0f 84
0x00007ffe1c0b1f3f:   a0 00 00 00 48 8b 91 80 07 00 00 48 85 d2 0f 84
0x00007ffe1c0b1f4f:   90 00 00 00 f6 82 58 05 00 00 01 0f 84 83 00 00
0x00007ffe1c0b1f5f:   00 8b 88 d0 00 00 00 8b 82 d0 00 00 00 83 c0 64
0x00007ffe1c0b1f6f:   03 c8 b8 f1 0c 00 00 89 8f d0 00 00 00 66 89 87
0x00007ffe1c0b1f7f:   58 05 00 00 b0 01 e9 90 00 00 00 48 8b 81 78 07
0x00007ffe1c0b1f8f:   00 00 48 85 c0 74 4d f6 80 58 05 00 00 01 74 44
0x00007ffe1c0b1f9f:   48 8b 91 80 07 00 00 48 85 d2 74 38 f6 82 58 05
0x00007ffe1c0b1faf:   00 00 01 74 2f 8b 88 d0 00 00 00 8b 82 d0 00 00
0x00007ffe1c0b1fbf:   00 83 c0 64 03 c8 b8 f3 0c 00 00 89 8f d0 00 00
0x00007ffe1c0b1fcf:   00 66 89 87 58 05 00 00 b0 01 eb 3f 48 8b d6 e8
0x00007ffe1c0b1fdf:   1d d7 03 00 b0 01 eb 33 48 8b 0d 72 f8 8a 00 48
0x00007ffe1c0b1fef:   8d 15 eb 08 6d 00 e8 c6 b8 41 00 4d 8b 8c de c0
0x00007ffe1c0b1fff:   07 b5 00 48 8d 15 f7 08 6d 00 48 8b 0d 50 f8 8a
0x00007ffe1c0b200f:   00 44 8b c3 e8 a8 b8 41 00 32 c0 48 8b 5c 24 40
0x00007ffe1c0b201f:   48 8b 6c 24 48 48 8b 74 24 50 48 83 c4 20 41 5f
0x00007ffe1c0b202f:   41 5e 5f c3 90 d6 9d 29 00 03 9e 29 00 68 9e 29
0x00007ffe1c0b203f:   00 0d 9f 29 00 4f 9f 29 00 91 9f 29 00 e7 1f 2a
0x00007ffe1c0b204f:   00 e3 9f 29 00 0e a0 29 00 23 a0 29 00 60 a0 29
0x00007ffe1c0b205f:   00 75 a0 29 00 8d a0 29 00 da a0 29 00 e7 1f 2a
0x00007ffe1c0b206f:   00 02 a1 29 00 11 a1 29 00 20 a1 29 00 bc a1 29
0x00007ffe1c0b207f:   00 40 a2 29 00 4f a2 29 00 5e a2 29 00 6d a2 29
0x00007ffe1c0b208f:   00 7c a2 29 00 e7 1f 2a 00 e7 1f 2a 00 8b a2 29
0x00007ffe1c0b209f:   00 9a a2 29 00 e7 1f 2a 00 a9 a2 29 00 e7 1f 2a
0x00007ffe1c0b20af:   00 b8 a2 29 00 e7 1f 2a 00 c7 a2 29 00 e7 1f 2a
0x00007ffe1c0b20bf:   00 68 a3 29 00 04 a4 29 00 88 a4 29 00 24 a5 29
0x00007ffe1c0b20cf:   00 c0 a5 29 00 e7 1f 2a 00 d3 a6 29 00 1b a7 29
0x00007ffe1c0b20df:   00 41 a7 29 00 67 a7 29 00 e7 1f 2a 00 80 a7 29
0x00007ffe1c0b20ef:   00 99 a7 29 00 b2 a7 29 00 cb a7 29 00 e4 a7 29
0x00007ffe1c0b20ff:   00 fd a7 29 00 69 a8 29 00 d5 a8 29 00 6e a9 29
0x00007ffe1c0b210f:   00 ef a9 29 00 cd aa 29 00 ae ab 29 00 99 ac 29 


Stack slot to memory mapping:
stack at sp + 0 slots: 0x00000254f2091810 points into unknown readable memory: 0x00007ffe1c6f0cf8 | f8 0c 6f 1c fe 7f 00 00
stack at sp + 1 slots: 0x00000055079fbee0 is pointing into the stack for thread: 0x00000254f2510050
stack at sp + 2 slots: 0x0 is NULL
stack at sp + 3 slots: 0x00000254f1cd9810 points into unknown readable memory: 0x00007ffe1c74c890 | 90 c8 74 1c fe 7f 00 00
stack at sp + 4 slots: 0x00000254f1cd94e0 points into unknown readable memory: 0x00007ffe1c74c890 | 90 c8 74 1c fe 7f 00 00
stack at sp + 5 slots: 0x00000254f1cd8aec points into unknown readable memory: 30 00 00 00
stack at sp + 6 slots: 0x00000254ed0f7868 points into unknown readable memory: 0x0000000000000000 | 00 00 00 00 00 00 00 00
stack at sp + 7 slots: 0x00007ffe1c455e48 jvm.dll


---------------  P R O C E S S  ---------------

Threads class SMR info:
_java_thread_list=0x00000254f24c92f0, length=12, elements={
0x00000254d0fe18f0, 0x00000254ed085590, 0x00000254ed086530, 0x00000254ed089610,
0x00000254ed08bf60, 0x00000254ed08da50, 0x00000254ed08f0d0, 0x00000254ed098a90,
0x00000254ed0a3040, 0x00000254f14eab20, 0x00000254f14ed4e0, 0x00000254f2510050
}

Java Threads: ( => current thread )
  0x00000254d0fe18f0 JavaThread "main" [_thread_in_native, id=7984, stack(0x0000005506400000,0x0000005506500000)]
  0x00000254ed085590 JavaThread "Reference Handler" daemon [_thread_blocked, id=14540, stack(0x0000005506b00000,0x0000005506c00000)]
  0x00000254ed086530 JavaThread "Finalizer" daemon [_thread_blocked, id=16684, stack(0x0000005506c00000,0x0000005506d00000)]
  0x00000254ed089610 JavaThread "Signal Dispatcher" daemon [_thread_blocked, id=4240, stack(0x0000005506d00000,0x0000005506e00000)]
  0x00000254ed08bf60 JavaThread "Attach Listener" daemon [_thread_blocked, id=5760, stack(0x0000005506e00000,0x0000005506f00000)]
  0x00000254ed08da50 JavaThread "Service Thread" daemon [_thread_blocked, id=17192, stack(0x0000005506f00000,0x0000005507000000)]
  0x00000254ed08f0d0 JavaThread "Monitor Deflation Thread" daemon [_thread_blocked, id=8236, stack(0x0000005507000000,0x0000005507100000)]
  0x00000254ed098a90 JavaThread "C2 CompilerThread0" daemon [_thread_blocked, id=7600, stack(0x0000005507100000,0x0000005507200000)]
  0x00000254ed0a3040 JavaThread "C1 CompilerThread0" daemon [_thread_blocked, id=4448, stack(0x0000005507200000,0x0000005507300000)]
  0x00000254f14eab20 JavaThread "Notification Thread" daemon [_thread_blocked, id=16564, stack(0x0000005507300000,0x0000005507400000)]
  0x00000254f14ed4e0 JavaThread "Common-Cleaner" daemon [_thread_blocked, id=13560, stack(0x0000005507500000,0x0000005507600000)]
=>0x00000254f2510050 JavaThread "C2 CompilerThread1" daemon [_thread_in_native, id=12568, stack(0x0000005507900000,0x0000005507a00000)]

Other Threads:
  0x00000254ed064730 VMThread "VM Thread" [stack: 0x0000005506a00000,0x0000005506b00000] [id=13268]
  0x00000254f14eb070 WatcherThread "VM Periodic Task Thread" [stack: 0x0000005507400000,0x0000005507500000] [id=8496]
  0x00000254d103e600 WorkerThread "GC Thread#0" [stack: 0x0000005506500000,0x0000005506600000] [id=11640]
  0x00000254f1e90f90 WorkerThread "GC Thread#1" [stack: 0x0000005507600000,0x0000005507700000] [id=7700]
  0x00000254f1c4bc80 WorkerThread "GC Thread#2" [stack: 0x0000005507700000,0x0000005507800000] [id=13116]
  0x00000254f1ed0bf0 WorkerThread "GC Thread#3" [stack: 0x0000005507800000,0x0000005507900000] [id=6300]
  0x00000254d104f1b0 ConcurrentGCThread "G1 Main Marker" [stack: 0x0000005506600000,0x0000005506700000] [id=16556]
  0x00000254d1050380 WorkerThread "G1 Conc#0" [stack: 0x0000005506700000,0x0000005506800000] [id=13872]
  0x00000254ecf220b0 ConcurrentGCThread "G1 Refine#0" [stack: 0x0000005506800000,0x0000005506900000] [id=17064]
  0x00000254ecf22a60 ConcurrentGCThread "G1 Service" [stack: 0x0000005506900000,0x0000005506a00000] [id=14332]

Threads with active compile tasks:
C2 CompilerThread1     3720 2809       4       org.codehaus.plexus.util.xml.pull.MXParser::parseStartTag (1190 bytes)

VM state: not at safepoint (normal execution)

VM Mutex/Monitor currently owned by a thread: None

Heap address: 0x0000000082800000, size: 2008 MB, Compressed Oops mode: 32-bit

CDS archive(s) mapped at: [0x0000000800000000-0x0000000800c60000-0x0000000800c60000), size 12976128, SharedBaseAddress: 0x0000000800000000, ArchiveRelocationMode: 0.
Compressed class space mapped at: 0x0000000801000000-0x0000000841000000, reserved size: 1073741824
Narrow klass base: 0x0000000800000000, Narrow klass shift: 0, Narrow klass range: 0x100000000

GC Precious Log:
 CardTable entry size: 512
 Card Set container configuration: InlinePtr #cards 5 size 8 Array Of Cards #cards 12 size 40 Howl #buckets 4 coarsen threshold 1843 Howl Bitmap #cards 512 size 80 coarsen threshold 460 Card regions per heap region 1 cards per card region 2048
 CPUs: 4 total, 4 available
 Memory: 8027M
 Large Page Support: Disabled
 NUMA Support: Disabled
 Compressed Oops: Enabled (32-bit)
 Heap Region Size: 1M
 Heap Min Capacity: 8M
 Heap Initial Capacity: 126M
 Heap Max Capacity: 2008M
 Pre-touch: Disabled
 Parallel Workers: 4
 Concurrent Workers: 1
 Concurrent Refinement Workers: 4
 Periodic GC: Disabled

Heap:
 garbage-first heap   total 129024K, used 54511K [0x0000000082800000, 0x0000000100000000)
  region size 1024K, 51 young (52224K), 1 survivors (1024K)
 Metaspace       used 15048K, committed 15296K, reserved 1114112K
  class space    used 1775K, committed 1856K, reserved 1048576K

Heap Regions: E=young(eden), S=young(survivor), O=old, HS=humongous(starts), HC=humongous(continues), CS=collection set, F=free, OA=open archive, CA=closed archive, TAMS=top-at-mark-start, PB=parsable bottom
|   0|0x0000000082800000, 0x0000000082900000, 0x0000000082900000|100%| O|  |TAMS 0x0000000082800000| PB 0x0000000082800000| Untracked 
|   1|0x0000000082900000, 0x0000000082a00000, 0x0000000082a00000|100%| O|  |TAMS 0x0000000082900000| PB 0x0000000082900000| Untracked 
|   2|0x0000000082a00000, 0x0000000082b00000, 0x0000000082b00000|100%| O|  |TAMS 0x0000000082a00000| PB 0x0000000082a00000| Untracked 
|   3|0x0000000082b00000, 0x0000000082b76200, 0x0000000082c00000| 46%| O|  |TAMS 0x0000000082b00000| PB 0x0000000082b00000| Untracked 
|   4|0x0000000082c00000, 0x0000000082c00000, 0x0000000082d00000|  0%| F|  |TAMS 0x0000000082c00000| PB 0x0000000082c00000| Untracked 
|   5|0x0000000082d00000, 0x0000000082d00000, 0x0000000082e00000|  0%| F|  |TAMS 0x0000000082d00000| PB 0x0000000082d00000| Untracked 
|   6|0x0000000082e00000, 0x0000000082e00000, 0x0000000082f00000|  0%| F|  |TAMS 0x0000000082e00000| PB 0x0000000082e00000| Untracked 
|   7|0x0000000082f00000, 0x0000000082f00000, 0x0000000083000000|  0%| F|  |TAMS 0x0000000082f00000| PB 0x0000000082f00000| Untracked 
|   8|0x0000000083000000, 0x0000000083000000, 0x0000000083100000|  0%| F|  |TAMS 0x0000000083000000| PB 0x0000000083000000| Untracked 
|   9|0x0000000083100000, 0x0000000083100000, 0x0000000083200000|  0%| F|  |TAMS 0x0000000083100000| PB 0x0000000083100000| Untracked 
|  10|0x0000000083200000, 0x0000000083200000, 0x0000000083300000|  0%| F|  |TAMS 0x0000000083200000| PB 0x0000000083200000| Untracked 
|  11|0x0000000083300000, 0x0000000083300000, 0x0000000083400000|  0%| F|  |TAMS 0x0000000083300000| PB 0x0000000083300000| Untracked 
|  12|0x0000000083400000, 0x0000000083400000, 0x0000000083500000|  0%| F|  |TAMS 0x0000000083400000| PB 0x0000000083400000| Untracked 
|  13|0x0000000083500000, 0x0000000083500000, 0x0000000083600000|  0%| F|  |TAMS 0x0000000083500000| PB 0x0000000083500000| Untracked 
|  14|0x0000000083600000, 0x0000000083600000, 0x0000000083700000|  0%| F|  |TAMS 0x0000000083600000| PB 0x0000000083600000| Untracked 
|  15|0x0000000083700000, 0x0000000083700000, 0x0000000083800000|  0%| F|  |TAMS 0x0000000083700000| PB 0x0000000083700000| Untracked 
|  16|0x0000000083800000, 0x0000000083800000, 0x0000000083900000|  0%| F|  |TAMS 0x0000000083800000| PB 0x0000000083800000| Untracked 
|  17|0x0000000083900000, 0x0000000083900000, 0x0000000083a00000|  0%| F|  |TAMS 0x0000000083900000| PB 0x0000000083900000| Untracked 
|  18|0x0000000083a00000, 0x0000000083a00000, 0x0000000083b00000|  0%| F|  |TAMS 0x0000000083a00000| PB 0x0000000083a00000| Untracked 
|  19|0x0000000083b00000, 0x0000000083b00000, 0x0000000083c00000|  0%| F|  |TAMS 0x0000000083b00000| PB 0x0000000083b00000| Untracked 
|  20|0x0000000083c00000, 0x0000000083c00000, 0x0000000083d00000|  0%| F|  |TAMS 0x0000000083c00000| PB 0x0000000083c00000| Untracked 
|  21|0x0000000083d00000, 0x0000000083d00000, 0x0000000083e00000|  0%| F|  |TAMS 0x0000000083d00000| PB 0x0000000083d00000| Untracked 
|  22|0x0000000083e00000, 0x0000000083e00000, 0x0000000083f00000|  0%| F|  |TAMS 0x0000000083e00000| PB 0x0000000083e00000| Untracked 
|  23|0x0000000083f00000, 0x0000000083f00000, 0x0000000084000000|  0%| F|  |TAMS 0x0000000083f00000| PB 0x0000000083f00000| Untracked 
|  24|0x0000000084000000, 0x0000000084000000, 0x0000000084100000|  0%| F|  |TAMS 0x0000000084000000| PB 0x0000000084000000| Untracked 
|  25|0x0000000084100000, 0x0000000084100000, 0x0000000084200000|  0%| F|  |TAMS 0x0000000084100000| PB 0x0000000084100000| Untracked 
|  26|0x0000000084200000, 0x0000000084200000, 0x0000000084300000|  0%| F|  |TAMS 0x0000000084200000| PB 0x0000000084200000| Untracked 
|  27|0x0000000084300000, 0x0000000084300000, 0x0000000084400000|  0%| F|  |TAMS 0x0000000084300000| PB 0x0000000084300000| Untracked 
|  28|0x0000000084400000, 0x0000000084400000, 0x0000000084500000|  0%| F|  |TAMS 0x0000000084400000| PB 0x0000000084400000| Untracked 
|  29|0x0000000084500000, 0x0000000084500000, 0x0000000084600000|  0%| F|  |TAMS 0x0000000084500000| PB 0x0000000084500000| Untracked 
|  30|0x0000000084600000, 0x0000000084600000, 0x0000000084700000|  0%| F|  |TAMS 0x0000000084600000| PB 0x0000000084600000| Untracked 
|  31|0x0000000084700000, 0x0000000084700000, 0x0000000084800000|  0%| F|  |TAMS 0x0000000084700000| PB 0x0000000084700000| Untracked 
|  32|0x0000000084800000, 0x0000000084800000, 0x0000000084900000|  0%| F|  |TAMS 0x0000000084800000| PB 0x0000000084800000| Untracked 
|  33|0x0000000084900000, 0x0000000084900000, 0x0000000084a00000|  0%| F|  |TAMS 0x0000000084900000| PB 0x0000000084900000| Untracked 
|  34|0x0000000084a00000, 0x0000000084a00000, 0x0000000084b00000|  0%| F|  |TAMS 0x0000000084a00000| PB 0x0000000084a00000| Untracked 
|  35|0x0000000084b00000, 0x0000000084b00000, 0x0000000084c00000|  0%| F|  |TAMS 0x0000000084b00000| PB 0x0000000084b00000| Untracked 
|  36|0x0000000084c00000, 0x0000000084c00000, 0x0000000084d00000|  0%| F|  |TAMS 0x0000000084c00000| PB 0x0000000084c00000| Untracked 
|  37|0x0000000084d00000, 0x0000000084d00000, 0x0000000084e00000|  0%| F|  |TAMS 0x0000000084d00000| PB 0x0000000084d00000| Untracked 
|  38|0x0000000084e00000, 0x0000000084e00000, 0x0000000084f00000|  0%| F|  |TAMS 0x0000000084e00000| PB 0x0000000084e00000| Untracked 
|  39|0x0000000084f00000, 0x0000000084f00000, 0x0000000085000000|  0%| F|  |TAMS 0x0000000084f00000| PB 0x0000000084f00000| Untracked 
|  40|0x0000000085000000, 0x0000000085000000, 0x0000000085100000|  0%| F|  |TAMS 0x0000000085000000| PB 0x0000000085000000| Untracked 
|  41|0x0000000085100000, 0x0000000085100000, 0x0000000085200000|  0%| F|  |TAMS 0x0000000085100000| PB 0x0000000085100000| Untracked 
|  42|0x0000000085200000, 0x0000000085200000, 0x0000000085300000|  0%| F|  |TAMS 0x0000000085200000| PB 0x0000000085200000| Untracked 
|  43|0x0000000085300000, 0x0000000085300000, 0x0000000085400000|  0%| F|  |TAMS 0x0000000085300000| PB 0x0000000085300000| Untracked 
|  44|0x0000000085400000, 0x0000000085400000, 0x0000000085500000|  0%| F|  |TAMS 0x0000000085400000| PB 0x0000000085400000| Untracked 
|  45|0x0000000085500000, 0x0000000085500000, 0x0000000085600000|  0%| F|  |TAMS 0x0000000085500000| PB 0x0000000085500000| Untracked 
|  46|0x0000000085600000, 0x0000000085600000, 0x0000000085700000|  0%| F|  |TAMS 0x0000000085600000| PB 0x0000000085600000| Untracked 
|  47|0x0000000085700000, 0x0000000085700000, 0x0000000085800000|  0%| F|  |TAMS 0x0000000085700000| PB 0x0000000085700000| Untracked 
|  48|0x0000000085800000, 0x0000000085800000, 0x0000000085900000|  0%| F|  |TAMS 0x0000000085800000| PB 0x0000000085800000| Untracked 
|  49|0x0000000085900000, 0x0000000085900000, 0x0000000085a00000|  0%| F|  |TAMS 0x0000000085900000| PB 0x0000000085900000| Untracked 
|  50|0x0000000085a00000, 0x0000000085a00000, 0x0000000085b00000|  0%| F|  |TAMS 0x0000000085a00000| PB 0x0000000085a00000| Untracked 
|  51|0x0000000085b00000, 0x0000000085b00000, 0x0000000085c00000|  0%| F|  |TAMS 0x0000000085b00000| PB 0x0000000085b00000| Untracked 
|  52|0x0000000085c00000, 0x0000000085c00000, 0x0000000085d00000|  0%| F|  |TAMS 0x0000000085c00000| PB 0x0000000085c00000| Untracked 
|  53|0x0000000085d00000, 0x0000000085d00000, 0x0000000085e00000|  0%| F|  |TAMS 0x0000000085d00000| PB 0x0000000085d00000| Untracked 
|  54|0x0000000085e00000, 0x0000000085e00000, 0x0000000085f00000|  0%| F|  |TAMS 0x0000000085e00000| PB 0x0000000085e00000| Untracked 
|  55|0x0000000085f00000, 0x0000000085f00000, 0x0000000086000000|  0%| F|  |TAMS 0x0000000085f00000| PB 0x0000000085f00000| Untracked 
|  56|0x0000000086000000, 0x0000000086000000, 0x0000000086100000|  0%| F|  |TAMS 0x0000000086000000| PB 0x0000000086000000| Untracked 
|  57|0x0000000086100000, 0x0000000086100000, 0x0000000086200000|  0%| F|  |TAMS 0x0000000086100000| PB 0x0000000086100000| Untracked 
|  58|0x0000000086200000, 0x0000000086200000, 0x0000000086300000|  0%| F|  |TAMS 0x0000000086200000| PB 0x0000000086200000| Untracked 
|  59|0x0000000086300000, 0x0000000086300000, 0x0000000086400000|  0%| F|  |TAMS 0x0000000086300000| PB 0x0000000086300000| Untracked 
|  60|0x0000000086400000, 0x0000000086400000, 0x0000000086500000|  0%| F|  |TAMS 0x0000000086400000| PB 0x0000000086400000| Untracked 
|  61|0x0000000086500000, 0x0000000086500000, 0x0000000086600000|  0%| F|  |TAMS 0x0000000086500000| PB 0x0000000086500000| Untracked 
|  62|0x0000000086600000, 0x0000000086600000, 0x0000000086700000|  0%| F|  |TAMS 0x0000000086600000| PB 0x0000000086600000| Untracked 
|  63|0x0000000086700000, 0x0000000086700000, 0x0000000086800000|  0%| F|  |TAMS 0x0000000086700000| PB 0x0000000086700000| Untracked 
|  64|0x0000000086800000, 0x0000000086800000, 0x0000000086900000|  0%| F|  |TAMS 0x0000000086800000| PB 0x0000000086800000| Untracked 
|  65|0x0000000086900000, 0x0000000086900000, 0x0000000086a00000|  0%| F|  |TAMS 0x0000000086900000| PB 0x0000000086900000| Untracked 
|  66|0x0000000086a00000, 0x0000000086a00000, 0x0000000086b00000|  0%| F|  |TAMS 0x0000000086a00000| PB 0x0000000086a00000| Untracked 
|  67|0x0000000086b00000, 0x0000000086b00000, 0x0000000086c00000|  0%| F|  |TAMS 0x0000000086b00000| PB 0x0000000086b00000| Untracked 
|  68|0x0000000086c00000, 0x0000000086c00000, 0x0000000086d00000|  0%| F|  |TAMS 0x0000000086c00000| PB 0x0000000086c00000| Untracked 
|  69|0x0000000086d00000, 0x0000000086d00000, 0x0000000086e00000|  0%| F|  |TAMS 0x0000000086d00000| PB 0x0000000086d00000| Untracked 
|  70|0x0000000086e00000, 0x0000000086e00000, 0x0000000086f00000|  0%| F|  |TAMS 0x0000000086e00000| PB 0x0000000086e00000| Untracked 
|  71|0x0000000086f00000, 0x0000000086f00000, 0x0000000087000000|  0%| F|  |TAMS 0x0000000086f00000| PB 0x0000000086f00000| Untracked 
|  72|0x0000000087000000, 0x0000000087000000, 0x0000000087100000|  0%| F|  |TAMS 0x0000000087000000| PB 0x0000000087000000| Untracked 
|  73|0x0000000087100000, 0x0000000087100000, 0x0000000087200000|  0%| F|  |TAMS 0x0000000087100000| PB 0x0000000087100000| Untracked 
|  74|0x0000000087200000, 0x0000000087200000, 0x0000000087300000|  0%| F|  |TAMS 0x0000000087200000| PB 0x0000000087200000| Untracked 
|  75|0x0000000087300000, 0x000000008734ac90, 0x0000000087400000| 29%| E|  |TAMS 0x0000000087300000| PB 0x0000000087300000| Complete 
|  76|0x0000000087400000, 0x0000000087500000, 0x0000000087500000|100%| E|CS|TAMS 0x0000000087400000| PB 0x0000000087400000| Complete 
|  77|0x0000000087500000, 0x0000000087600000, 0x0000000087600000|100%| E|CS|TAMS 0x0000000087500000| PB 0x0000000087500000| Complete 
|  78|0x0000000087600000, 0x0000000087700000, 0x0000000087700000|100%| E|CS|TAMS 0x0000000087600000| PB 0x0000000087600000| Complete 
|  79|0x0000000087700000, 0x0000000087800000, 0x0000000087800000|100%| E|CS|TAMS 0x0000000087700000| PB 0x0000000087700000| Complete 
|  80|0x0000000087800000, 0x0000000087900000, 0x0000000087900000|100%| E|CS|TAMS 0x0000000087800000| PB 0x0000000087800000| Complete 
|  81|0x0000000087900000, 0x0000000087a00000, 0x0000000087a00000|100%| E|CS|TAMS 0x0000000087900000| PB 0x0000000087900000| Complete 
|  82|0x0000000087a00000, 0x0000000087b00000, 0x0000000087b00000|100%| E|CS|TAMS 0x0000000087a00000| PB 0x0000000087a00000| Complete 
|  83|0x0000000087b00000, 0x0000000087c00000, 0x0000000087c00000|100%| E|CS|TAMS 0x0000000087b00000| PB 0x0000000087b00000| Complete 
|  84|0x0000000087c00000, 0x0000000087d00000, 0x0000000087d00000|100%| E|CS|TAMS 0x0000000087c00000| PB 0x0000000087c00000| Complete 
|  85|0x0000000087d00000, 0x0000000087e00000, 0x0000000087e00000|100%| E|CS|TAMS 0x0000000087d00000| PB 0x0000000087d00000| Complete 
|  86|0x0000000087e00000, 0x0000000087f00000, 0x0000000087f00000|100%| E|CS|TAMS 0x0000000087e00000| PB 0x0000000087e00000| Complete 
|  87|0x0000000087f00000, 0x0000000088000000, 0x0000000088000000|100%| E|CS|TAMS 0x0000000087f00000| PB 0x0000000087f00000| Complete 
|  88|0x0000000088000000, 0x0000000088100000, 0x0000000088100000|100%| E|CS|TAMS 0x0000000088000000| PB 0x0000000088000000| Complete 
|  89|0x0000000088100000, 0x0000000088200000, 0x0000000088200000|100%| E|CS|TAMS 0x0000000088100000| PB 0x0000000088100000| Complete 
|  90|0x0000000088200000, 0x0000000088300000, 0x0000000088300000|100%| E|CS|TAMS 0x0000000088200000| PB 0x0000000088200000| Complete 
|  91|0x0000000088300000, 0x0000000088400000, 0x0000000088400000|100%| E|CS|TAMS 0x0000000088300000| PB 0x0000000088300000| Complete 
|  92|0x0000000088400000, 0x0000000088500000, 0x0000000088500000|100%| E|CS|TAMS 0x0000000088400000| PB 0x0000000088400000| Complete 
|  93|0x0000000088500000, 0x0000000088600000, 0x0000000088600000|100%| E|CS|TAMS 0x0000000088500000| PB 0x0000000088500000| Complete 
|  94|0x0000000088600000, 0x0000000088700000, 0x0000000088700000|100%| E|CS|TAMS 0x0000000088600000| PB 0x0000000088600000| Complete 
|  95|0x0000000088700000, 0x0000000088800000, 0x0000000088800000|100%| E|CS|TAMS 0x0000000088700000| PB 0x0000000088700000| Complete 
|  96|0x0000000088800000, 0x0000000088900000, 0x0000000088900000|100%| E|CS|TAMS 0x0000000088800000| PB 0x0000000088800000| Complete 
|  97|0x0000000088900000, 0x0000000088a00000, 0x0000000088a00000|100%| E|CS|TAMS 0x0000000088900000| PB 0x0000000088900000| Complete 
|  98|0x0000000088a00000, 0x0000000088b00000, 0x0000000088b00000|100%| E|CS|TAMS 0x0000000088a00000| PB 0x0000000088a00000| Complete 
|  99|0x0000000088b00000, 0x0000000088c00000, 0x0000000088c00000|100%| E|CS|TAMS 0x0000000088b00000| PB 0x0000000088b00000| Complete 
| 100|0x0000000088c00000, 0x0000000088d00000, 0x0000000088d00000|100%| E|CS|TAMS 0x0000000088c00000| PB 0x0000000088c00000| Complete 
| 101|0x0000000088d00000, 0x0000000088e00000, 0x0000000088e00000|100%| E|CS|TAMS 0x0000000088d00000| PB 0x0000000088d00000| Complete 
| 102|0x0000000088e00000, 0x0000000088f00000, 0x0000000088f00000|100%| E|CS|TAMS 0x0000000088e00000| PB 0x0000000088e00000| Complete 
| 103|0x0000000088f00000, 0x0000000089000000, 0x0000000089000000|100%| E|CS|TAMS 0x0000000088f00000| PB 0x0000000088f00000| Complete 
| 104|0x0000000089000000, 0x0000000089100000, 0x0000000089100000|100%| E|CS|TAMS 0x0000000089000000| PB 0x0000000089000000| Complete 
| 105|0x0000000089100000, 0x0000000089200000, 0x0000000089200000|100%| E|CS|TAMS 0x0000000089100000| PB 0x0000000089100000| Complete 
| 106|0x0000000089200000, 0x0000000089300000, 0x0000000089300000|100%| E|CS|TAMS 0x0000000089200000| PB 0x0000000089200000| Complete 
| 107|0x0000000089300000, 0x0000000089400000, 0x0000000089400000|100%| E|CS|TAMS 0x0000000089300000| PB 0x0000000089300000| Complete 
| 108|0x0000000089400000, 0x0000000089500000, 0x0000000089500000|100%| E|CS|TAMS 0x0000000089400000| PB 0x0000000089400000| Complete 
| 109|0x0000000089500000, 0x00000000895c5c40, 0x0000000089600000| 77%| S|CS|TAMS 0x0000000089500000| PB 0x0000000089500000| Complete 
| 110|0x0000000089600000, 0x0000000089700000, 0x0000000089700000|100%| E|CS|TAMS 0x0000000089600000| PB 0x0000000089600000| Complete 
| 111|0x0000000089700000, 0x0000000089800000, 0x0000000089800000|100%| E|CS|TAMS 0x0000000089700000| PB 0x0000000089700000| Complete 
| 112|0x0000000089800000, 0x0000000089900000, 0x0000000089900000|100%| E|CS|TAMS 0x0000000089800000| PB 0x0000000089800000| Complete 
| 113|0x0000000089900000, 0x0000000089a00000, 0x0000000089a00000|100%| E|CS|TAMS 0x0000000089900000| PB 0x0000000089900000| Complete 
| 114|0x0000000089a00000, 0x0000000089b00000, 0x0000000089b00000|100%| E|CS|TAMS 0x0000000089a00000| PB 0x0000000089a00000| Complete 
| 115|0x0000000089b00000, 0x0000000089c00000, 0x0000000089c00000|100%| E|CS|TAMS 0x0000000089b00000| PB 0x0000000089b00000| Complete 
| 116|0x0000000089c00000, 0x0000000089d00000, 0x0000000089d00000|100%| E|CS|TAMS 0x0000000089c00000| PB 0x0000000089c00000| Complete 
| 117|0x0000000089d00000, 0x0000000089e00000, 0x0000000089e00000|100%| E|CS|TAMS 0x0000000089d00000| PB 0x0000000089d00000| Complete 
| 118|0x0000000089e00000, 0x0000000089f00000, 0x0000000089f00000|100%| E|CS|TAMS 0x0000000089e00000| PB 0x0000000089e00000| Complete 
| 119|0x0000000089f00000, 0x000000008a000000, 0x000000008a000000|100%| E|CS|TAMS 0x0000000089f00000| PB 0x0000000089f00000| Complete 
| 120|0x000000008a000000, 0x000000008a100000, 0x000000008a100000|100%| E|CS|TAMS 0x000000008a000000| PB 0x000000008a000000| Complete 
| 121|0x000000008a100000, 0x000000008a200000, 0x000000008a200000|100%| E|CS|TAMS 0x000000008a100000| PB 0x000000008a100000| Complete 
| 122|0x000000008a200000, 0x000000008a300000, 0x000000008a300000|100%| E|CS|TAMS 0x000000008a200000| PB 0x000000008a200000| Complete 
| 123|0x000000008a300000, 0x000000008a400000, 0x000000008a400000|100%| E|CS|TAMS 0x000000008a300000| PB 0x000000008a300000| Complete 
| 124|0x000000008a400000, 0x000000008a500000, 0x000000008a500000|100%| E|CS|TAMS 0x000000008a400000| PB 0x000000008a400000| Complete 
| 125|0x000000008a500000, 0x000000008a600000, 0x000000008a600000|100%| E|CS|TAMS 0x000000008a500000| PB 0x000000008a500000| Complete 

Card table byte_map: [0x00000254e8490000,0x00000254e8880000] _byte_map_base: 0x00000254e807c000

Marking Bits: (CMBitMap*) 0x00000254d103ec30
 Bits: [0x00000254e8c70000, 0x00000254eabd0000)

Polling page: 0x00000254cefa0000

Metaspace:

Usage:
  Non-class:     12.96 MB used.
      Class:      1.73 MB used.
       Both:     14.70 MB used.

Virtual space:
  Non-class space:       64.00 MB reserved,      13.12 MB ( 21%) committed,  1 nodes.
      Class space:        1.00 GB reserved,       1.81 MB ( <1%) committed,  1 nodes.
             Both:        1.06 GB reserved,      14.94 MB (  1%) committed. 

Chunk freelists:
   Non-Class:  2.34 MB
       Class:  2.00 MB
        Both:  4.34 MB

MaxMetaspaceSize: unlimited
CompressedClassSpaceSize: 1.00 GB
Initial GC threshold: 21.00 MB
Current GC threshold: 21.00 MB
CDS: on
MetaspaceReclaimPolicy: balanced
 - commit_granule_bytes: 65536.
 - commit_granule_words: 8192.
 - virtual_space_node_default_size: 8388608.
 - enlarge_chunks_in_place: 1.
 - new_chunks_are_fully_committed: 0.
 - uncommit_free_chunks: 1.
 - use_allocation_guard: 0.


Internal statistics:

num_allocs_failed_limit: 0.
num_arena_births: 158.
num_arena_deaths: 0.
num_vsnodes_births: 2.
num_vsnodes_deaths: 0.
num_space_committed: 239.
num_space_uncommitted: 0.
num_chunks_returned_to_freelist: 0.
num_chunks_taken_from_freelist: 646.
num_chunk_merges: 0.
num_chunk_splits: 463.
num_chunks_enlarged: 384.
num_inconsistent_stats: 0.

CodeHeap 'non-profiled nmethods': size=120000Kb used=1018Kb max_used=1018Kb free=118982Kb
 bounds [0x00000254e0b70000, 0x00000254e0de0000, 0x00000254e80a0000]
CodeHeap 'profiled nmethods': size=120000Kb used=5633Kb max_used=5633Kb free=114366Kb
 bounds [0x00000254d90a0000, 0x00000254d9630000, 0x00000254e05d0000]
CodeHeap 'non-nmethods': size=5760Kb used=1459Kb max_used=1485Kb free=4300Kb
 bounds [0x00000254e05d0000, 0x00000254e0840000, 0x00000254e0b70000]
 total_blobs=3415 nmethods=2926 adapters=400
 compilation: enabled
              stopped_count=0, restarted_count=0
 full_count=0

Compilation events (20 events):
Event: 3.592 Thread 0x00000254ed0a3040 nmethod 2882 0x00000254d960a690 code [0x00000254d960a8c0, 0x00000254d960b3a0]
Event: 3.595 Thread 0x00000254ed0a3040 2883       3       sun.net.util.URLUtil::urlNoFragString (137 bytes)
Event: 3.597 Thread 0x00000254ed0a3040 nmethod 2883 0x00000254d960b690 code [0x00000254d960b9a0, 0x00000254d960cab0]
Event: 3.597 Thread 0x00000254ed0a3040 2884       3       java.net.URL::getDefaultPort (8 bytes)
Event: 3.598 Thread 0x00000254ed0a3040 nmethod 2884 0x00000254d960d090 code [0x00000254d960d220, 0x00000254d960d3f0]
Event: 3.598 Thread 0x00000254ed0a3040 2885   !   3       com.google.inject.internal.InjectorImpl::getProvider (57 bytes)
Event: 3.599 Thread 0x00000254ed0a3040 nmethod 2885 0x00000254d960d490 code [0x00000254d960d740, 0x00000254d960e460]
Event: 3.599 Thread 0x00000254ed0a3040 2887   !   3       com.google.inject.spi.InjectionPoint::checkForMisplacedBindingAnnotations (61 bytes)
Event: 3.600 Thread 0x00000254ed0a3040 nmethod 2887 0x00000254d960eb10 code [0x00000254d960ed20, 0x00000254d960f480]
Event: 3.600 Thread 0x00000254ed0a3040 2886       3       org.eclipse.sisu.inject.LazyBeanEntry::getValue (10 bytes)
Event: 3.600 Thread 0x00000254ed0a3040 nmethod 2886 0x00000254d960f710 code [0x00000254d960f8a0, 0x00000254d960fa70]
Event: 3.600 Thread 0x00000254ed098a90 2888       4       java.util.concurrent.atomic.AtomicReferenceArray::get (12 bytes)
Event: 3.601 Thread 0x00000254ed098a90 nmethod 2888 0x00000254e0c6a590 code [0x00000254e0c6a700, 0x00000254e0c6a7c0]
Event: 3.601 Thread 0x00000254ed0a3040 2889       3       java.lang.invoke.LambdaFormBuffer::ownedCount (7 bytes)
Event: 3.601 Thread 0x00000254ed0a3040 nmethod 2889 0x00000254d960fb10 code [0x00000254d960fca0, 0x00000254d960fdb0]
Event: 3.602 Thread 0x00000254ed0a3040 2890       3       java.lang.invoke.InvokerBytecodeGenerator::getInternalName (103 bytes)
Event: 3.602 Thread 0x00000254ed0a3040 nmethod 2890 0x00000254d960fe10 code [0x00000254d9610000, 0x00000254d9610548]
Event: 3.603 Thread 0x00000254ed0a3040 2894       3       jdk.internal.org.objectweb.asm.Type::getDescriptor (93 bytes)
Event: 3.604 Thread 0x00000254ed0a3040 nmethod 2894 0x00000254d9610690 code [0x00000254d96108c0, 0x00000254d9610f88]
Event: 3.604 Thread 0x00000254ed0a3040 2895       3       java.lang.invoke.InvokerBytecodeGenerator::emitStoreResult (27 bytes)

GC Heap History (4 events):
Event: 1.112 GC heap before
{Heap before GC invocations=0 (full 0):
 garbage-first heap   total 129024K, used 12288K [0x0000000082800000, 0x0000000100000000)
  region size 1024K, 13 young (13312K), 0 survivors (0K)
 Metaspace       used 3857K, committed 4096K, reserved 1114112K
  class space    used 393K, committed 512K, reserved 1048576K
}
Event: 1.119 GC heap after
{Heap after GC invocations=1 (full 0):
 garbage-first heap   total 129024K, used 3392K [0x0000000082800000, 0x0000000100000000)
  region size 1024K, 2 young (2048K), 2 survivors (2048K)
 Metaspace       used 3857K, committed 4096K, reserved 1114112K
  class space    used 393K, committed 512K, reserved 1048576K
}
Event: 1.587 GC heap before
{Heap before GC invocations=1 (full 0):
 garbage-first heap   total 129024K, used 17728K [0x0000000082800000, 0x0000000100000000)
  region size 1024K, 16 young (16384K), 2 survivors (2048K)
 Metaspace       used 6125K, committed 6336K, reserved 1114112K
  class space    used 714K, committed 832K, reserved 1048576K
}
Event: 1.592 GC heap after
{Heap after GC invocations=2 (full 0):
 garbage-first heap   total 129024K, used 4335K [0x0000000082800000, 0x0000000100000000)
  region size 1024K, 1 young (1024K), 1 survivors (1024K)
 Metaspace       used 6125K, committed 6336K, reserved 1114112K
  class space    used 714K, committed 832K, reserved 1048576K
}

Dll operation events (8 events):
Event: 0.012 Loaded shared library C:\Program Files\Java\jdk-20\bin\java.dll
Event: 0.031 Loaded shared library C:\Program Files\Java\jdk-20\bin\jsvml.dll
Event: 0.097 Loaded shared library C:\Program Files\Java\jdk-20\bin\net.dll
Event: 0.102 Loaded shared library C:\Program Files\Java\jdk-20\bin\nio.dll
Event: 0.109 Loaded shared library C:\Program Files\Java\jdk-20\bin\zip.dll
Event: 0.120 Loaded shared library C:\Program Files\Java\jdk-20\bin\jimage.dll
Event: 0.580 Loaded shared library C:\Users\HELEN\AppData\Local\Temp\jansi-2.4.0-63c71db9352a9f9a-jansi.dll
Event: 0.605 Loaded shared library C:\Program Files\Java\jdk-20\bin\verify.dll

Deoptimization events (20 events):
Event: 3.529 Thread 0x00000254d0fe18f0 Uncommon trap: trap_request=0xffffffde fr.pc=0x00000254e0c471f4 relative=0x0000000000000814
Event: 3.529 Thread 0x00000254d0fe18f0 Uncommon trap: reason=class_check action=maybe_recompile pc=0x00000254e0c471f4 method=java.util.HashMap.putVal(ILjava/lang/Object;Ljava/lang/Object;ZZ)Ljava/lang/Object; @ 203 c2
Event: 3.529 Thread 0x00000254d0fe18f0 DEOPT PACKING pc=0x00000254e0c471f4 sp=0x00000055064fdb90
Event: 3.529 Thread 0x00000254d0fe18f0 DEOPT UNPACKING pc=0x00000254e0639d1c sp=0x00000055064fdac8 mode 2
Event: 3.529 Thread 0x00000254d0fe18f0 Uncommon trap: trap_request=0xffffffde fr.pc=0x00000254e0c471f4 relative=0x0000000000000814
Event: 3.529 Thread 0x00000254d0fe18f0 Uncommon trap: reason=class_check action=maybe_recompile pc=0x00000254e0c471f4 method=java.util.HashMap.putVal(ILjava/lang/Object;Ljava/lang/Object;ZZ)Ljava/lang/Object; @ 203 c2
Event: 3.529 Thread 0x00000254d0fe18f0 DEOPT PACKING pc=0x00000254e0c471f4 sp=0x00000055064fdb90
Event: 3.529 Thread 0x00000254d0fe18f0 DEOPT UNPACKING pc=0x00000254e0639d1c sp=0x00000055064fdac8 mode 2
Event: 3.547 Thread 0x00000254d0fe18f0 Uncommon trap: trap_request=0xffffffc6 fr.pc=0x00000254e0bdb2fc relative=0x000000000000033c
Event: 3.547 Thread 0x00000254d0fe18f0 Uncommon trap: reason=bimorphic_or_optimized_type_check action=maybe_recompile pc=0x00000254e0bdb2fc method=java.nio.Buffer.<init>(IIIILjava/lang/foreign/MemorySegment;)V @ 39 c2
Event: 3.547 Thread 0x00000254d0fe18f0 DEOPT PACKING pc=0x00000254e0bdb2fc sp=0x00000055064fc9d0
Event: 3.547 Thread 0x00000254d0fe18f0 DEOPT UNPACKING pc=0x00000254e0639d1c sp=0x00000055064fc978 mode 2
Event: 3.548 Thread 0x00000254d0fe18f0 Uncommon trap: trap_request=0xffffff45 fr.pc=0x00000254e0bda934 relative=0x00000000000000b4
Event: 3.548 Thread 0x00000254d0fe18f0 Uncommon trap: reason=unstable_if action=reinterpret pc=0x00000254e0bda934 method=java.nio.Buffer.limit(I)Ljava/nio/Buffer; @ 42 c2
Event: 3.548 Thread 0x00000254d0fe18f0 DEOPT PACKING pc=0x00000254e0bda934 sp=0x00000055064fcde0
Event: 3.548 Thread 0x00000254d0fe18f0 DEOPT UNPACKING pc=0x00000254e0639d1c sp=0x00000055064fcd68 mode 2
Event: 3.548 Thread 0x00000254d0fe18f0 Uncommon trap: trap_request=0xffffffc6 fr.pc=0x00000254e0bdb2fc relative=0x000000000000033c
Event: 3.548 Thread 0x00000254d0fe18f0 Uncommon trap: reason=bimorphic_or_optimized_type_check action=maybe_recompile pc=0x00000254e0bdb2fc method=java.nio.Buffer.<init>(IIIILjava/lang/foreign/MemorySegment;)V @ 39 c2
Event: 3.548 Thread 0x00000254d0fe18f0 DEOPT PACKING pc=0x00000254e0bdb2fc sp=0x00000055064fcaa0
Event: 3.548 Thread 0x00000254d0fe18f0 DEOPT UNPACKING pc=0x00000254e0639d1c sp=0x00000055064fca48 mode 2

Classes loaded (20 events):
Event: 3.488 Loading class java/util/AbstractMap$2
Event: 3.488 Loading class java/util/AbstractMap$2 done
Event: 3.489 Loading class java/util/AbstractMap$2$1
Event: 3.489 Loading class java/util/AbstractMap$2$1 done
Event: 3.546 Loading class sun/util/resources/LocaleData$CommonResourceBundleProvider
Event: 3.546 Loading class sun/util/resources/LocaleData$LocaleDataResourceBundleProvider
Event: 3.546 Loading class java/util/spi/ResourceBundleProvider
Event: 3.547 Loading class java/util/spi/ResourceBundleProvider done
Event: 3.547 Loading class sun/util/resources/LocaleData$LocaleDataResourceBundleProvider done
Event: 3.547 Loading class sun/util/resources/LocaleData$CommonResourceBundleProvider done
Event: 3.547 Loading class sun/util/resources/Bundles$2
Event: 3.547 Loading class sun/util/resources/Bundles$2 done
Event: 3.586 Loading class java/util/StringTokenizer
Event: 3.587 Loading class java/util/StringTokenizer done
Event: 3.589 Loading class java/math/BigDecimal
Event: 3.590 Loading class java/math/BigDecimal done
Event: 3.590 Loading class java/lang/Short$ShortCache
Event: 3.590 Loading class java/lang/Short$ShortCache done
Event: 3.590 Loading class java/lang/Byte$ByteCache
Event: 3.590 Loading class java/lang/Byte$ByteCache done

Classes unloaded (0 events):
No events

Classes redefined (0 events):
No events

Internal exceptions (20 events):
Event: 1.361 Thread 0x00000254d0fe18f0 Exception <a 'java/lang/NoSuchMethodError'{0x000000008a0a5b28}: 'int java.lang.invoke.DirectMethodHandle$Holder.invokeStaticInit(java.lang.Object, java.lang.Object)'> (0x000000008a0a5b28) 
thrown [s\open\src\hotspot\share\interpreter\linkResolver.cpp, line 773]
Event: 1.373 Thread 0x00000254d0fe18f0 Exception <a 'java/lang/NoClassDefFoundError'{0x000000008a0dfb00}: javax/enterprise/inject/Typed> (0x000000008a0dfb00) 
thrown [s\open\src\hotspot\share\classfile\systemDictionary.cpp, line 294]
Event: 2.618 Thread 0x00000254d0fe18f0 Exception <a 'java/lang/NoSuchMethodError'{0x000000008881f198}: 'void java.lang.invoke.DirectMethodHandle$Holder.invokeStaticInit(java.lang.Object, java.lang.Object, java.lang.Object)'> (0x000000008881f198) 
thrown [s\open\src\hotspot\share\interpreter\linkResolver.cpp, line 773]
Event: 2.625 Thread 0x00000254d0fe18f0 Exception <a 'java/lang/ExceptionInInitializerError'{0x000000008884a7f0}> (0x000000008884a7f0) 
thrown [s\open\src\hotspot\share\oops\instanceKlass.cpp, line 1160]
Event: 2.666 Thread 0x00000254d0fe18f0 Exception <a 'java/lang/NoSuchMethodError'{0x0000000088765ac0}: 'long java.lang.invoke.DirectMethodHandle$Holder.invokeStatic(java.lang.Object, java.lang.Object, int)'> (0x0000000088765ac0) 
thrown [s\open\src\hotspot\share\interpreter\linkResolver.cpp, line 773]
Event: 2.668 Thread 0x00000254d0fe18f0 Exception <a 'java/lang/NoSuchMethodError'{0x0000000088778b58}: 'java.lang.Object java.lang.invoke.DirectMethodHandle$Holder.invokeStatic(java.lang.Object, java.lang.Object, java.lang.Object, java.lang.Object, int)'> (0x0000000088778b58) 
thrown [s\open\src\hotspot\share\interpreter\linkResolver.cpp, line 773]
Event: 2.669 Thread 0x00000254d0fe18f0 Exception <a 'java/lang/NoSuchMethodError'{0x0000000088780a70}: 'java.lang.Object java.lang.invoke.DirectMethodHandle$Holder.invokeSpecial(java.lang.Object, java.lang.Object, java.lang.Object, java.lang.Object, long)'> (0x0000000088780a70) 
thrown [s\open\src\hotspot\share\interpreter\linkResolver.cpp, line 773]
Event: 2.671 Thread 0x00000254d0fe18f0 Exception <a 'java/lang/NoSuchMethodError'{0x000000008878c308}: 'java.lang.Object java.lang.invoke.DirectMethodHandle$Holder.invokeSpecial(java.lang.Object, java.lang.Object, java.lang.Object, int, java.lang.Object)'> (0x000000008878c308) 
thrown [s\open\src\hotspot\share\interpreter\linkResolver.cpp, line 773]
Event: 2.672 Thread 0x00000254d0fe18f0 Exception <a 'java/lang/NoSuchMethodError'{0x0000000088794428}: 'int java.lang.invoke.DirectMethodHandle$Holder.invokeSpecial(java.lang.Object, java.lang.Object, java.lang.Object, int)'> (0x0000000088794428) 
thrown [s\open\src\hotspot\share\interpreter\linkResolver.cpp, line 773]
Event: 2.678 Thread 0x00000254d0fe18f0 Implicit null exception at 0x00000254e0bf6a1d to 0x00000254e0bf6b2c
Event: 2.681 Thread 0x00000254d0fe18f0 Exception <a 'java/lang/NoSuchMethodError'{0x00000000887b9fd8}: 'java.lang.Object java.lang.invoke.Invokers$Holder.invokeExact_MT(java.lang.Object, int, java.lang.Object)'> (0x00000000887b9fd8) 
thrown [s\open\src\hotspot\share\interpreter\linkResolver.cpp, line 773]
Event: 3.033 Thread 0x00000254d0fe18f0 Exception <a 'java/lang/NoSuchMethodError'{0x0000000087fa97f0}: 'void java.lang.invoke.Invokers$Holder.invokeExact_MT(java.lang.Object, java.lang.Object, java.lang.Object, java.lang.Object)'> (0x0000000087fa97f0) 
thrown [s\open\src\hotspot\share\interpreter\linkResolver.cpp, line 773]
Event: 3.062 Thread 0x00000254d0fe18f0 Exception <a 'java/lang/NoClassDefFoundError'{0x0000000087e41978}: com/google/inject/servlet/ServletModuleTargetVisitor> (0x0000000087e41978) 
thrown [s\open\src\hotspot\share\classfile\systemDictionary.cpp, line 294]
Event: 3.168 Thread 0x00000254d0fe18f0 Exception <a 'java/lang/NoSuchMethodError'{0x0000000087c086b0}: 'void java.lang.invoke.DirectMethodHandle$Holder.invokeVirtual(java.lang.Object, java.lang.Object)'> (0x0000000087c086b0) 
thrown [s\open\src\hotspot\share\interpreter\linkResolver.cpp, line 773]
Event: 3.213 Thread 0x00000254d0fe18f0 Exception <a 'java/lang/NoSuchMethodError'{0x0000000087c89098}: 'java.lang.Object java.lang.invoke.DirectMethodHandle$Holder.invokeStaticInit(java.lang.Object, int, int, int, int)'> (0x0000000087c89098) 
thrown [s\open\src\hotspot\share\interpreter\linkResolver.cpp, line 773]
Event: 3.436 Thread 0x00000254d0fe18f0 Implicit null exception at 0x00000254e0c039e0 to 0x00000254e0c03e24
Event: 3.436 Thread 0x00000254d0fe18f0 Implicit null exception at 0x00000254e0bb2260 to 0x00000254e0bb269c
Event: 3.499 Thread 0x00000254d0fe18f0 Implicit null exception at 0x00000254e0c0992c to 0x00000254e0c09adc
Event: 3.602 Thread 0x00000254d0fe18f0 Exception <a 'java/lang/NoSuchMethodError'{0x000000008749a0f8}: 'void java.lang.invoke.DirectMethodHandle$Holder.invokeVirtual(java.lang.Object, java.lang.Object, int)'> (0x000000008749a0f8) 
thrown [s\open\src\hotspot\share\interpreter\linkResolver.cpp, line 773]
Event: 3.603 Thread 0x00000254d0fe18f0 Exception <a 'java/lang/NoSuchMethodError'{0x00000000874a10c8}: 'void java.lang.invoke.DelegatingMethodHandle$Holder.reinvoke_L(java.lang.Object, java.lang.Object, int)'> (0x00000000874a10c8) 
thrown [s\open\src\hotspot\share\interpreter\linkResolver.cpp, line 773]

VM Operations (20 events):
Event: 2.813 Executing VM operation: HandshakeAllThreads
Event: 2.813 Executing VM operation: HandshakeAllThreads done
Event: 3.024 Executing VM operation: HandshakeAllThreads
Event: 3.024 Executing VM operation: HandshakeAllThreads done
Event: 3.188 Executing VM operation: HandshakeAllThreads
Event: 3.188 Executing VM operation: HandshakeAllThreads done
Event: 3.237 Executing VM operation: HandshakeAllThreads
Event: 3.237 Executing VM operation: HandshakeAllThreads done
Event: 3.271 Executing VM operation: ICBufferFull
Event: 3.271 Executing VM operation: ICBufferFull done
Event: 3.295 Executing VM operation: HandshakeAllThreads
Event: 3.295 Executing VM operation: HandshakeAllThreads done
Event: 3.370 Executing VM operation: HandshakeAllThreads
Event: 3.370 Executing VM operation: HandshakeAllThreads done
Event: 3.372 Executing VM operation: HandshakeAllThreads
Event: 3.372 Executing VM operation: HandshakeAllThreads done
Event: 3.474 Executing VM operation: HandshakeAllThreads
Event: 3.474 Executing VM operation: HandshakeAllThreads done
Event: 3.475 Executing VM operation: HandshakeAllThreads
Event: 3.475 Executing VM operation: HandshakeAllThreads done

Events (14 events):
Event: 0.031 Thread 0x00000254d0fe18f0 Thread added: 0x00000254d0fe18f0
Event: 0.052 Thread 0x00000254ed085590 Thread added: 0x00000254ed085590
Event: 0.052 Thread 0x00000254ed086530 Thread added: 0x00000254ed086530
Event: 0.053 Thread 0x00000254ed089610 Thread added: 0x00000254ed089610
Event: 0.053 Thread 0x00000254ed08bf60 Thread added: 0x00000254ed08bf60
Event: 0.053 Thread 0x00000254ed08da50 Thread added: 0x00000254ed08da50
Event: 0.053 Thread 0x00000254ed08f0d0 Thread added: 0x00000254ed08f0d0
Event: 0.053 Thread 0x00000254ed098a90 Thread added: 0x00000254ed098a90
Event: 0.053 Thread 0x00000254ed0a3040 Thread added: 0x00000254ed0a3040
Event: 0.082 Thread 0x00000254f14eab20 Thread added: 0x00000254f14eab20
Event: 0.090 Thread 0x00000254f14ed4e0 Thread added: 0x00000254f14ed4e0
Event: 1.422 Thread 0x00000254f1f53ee0 Thread added: 0x00000254f1f53ee0
Event: 2.633 Thread 0x00000254f1f53ee0 Thread exited: 0x00000254f1f53ee0
Event: 3.290 Thread 0x00000254f2510050 Thread added: 0x00000254f2510050


Dynamic libraries:
0x00007ff62a7d0000 - 0x00007ff62a7e0000 	C:\Program Files\Java\jdk-20\bin\java.exe
0x00007ffe5b1f0000 - 0x00007ffe5b3e8000 	C:\WINDOWS\SYSTEM32\ntdll.dll
0x00007ffe596c0000 - 0x00007ffe5977f000 	C:\WINDOWS\System32\KERNEL32.DLL
0x00007ffe58f50000 - 0x00007ffe59246000 	C:\WINDOWS\System32\KERNELBASE.dll
0x00007ffe58db0000 - 0x00007ffe58eb0000 	C:\WINDOWS\System32\ucrtbase.dll
0x00007ffe53760000 - 0x00007ffe53779000 	C:\Program Files\Java\jdk-20\bin\jli.dll
0x00007ffe5a480000 - 0x00007ffe5a52f000 	C:\WINDOWS\System32\ADVAPI32.dll
0x00007ffe5b070000 - 0x00007ffe5b10e000 	C:\WINDOWS\System32\msvcrt.dll
0x00007ffe5a880000 - 0x00007ffe5a91c000 	C:\WINDOWS\System32\sechost.dll
0x00007ffe5af40000 - 0x00007ffe5b066000 	C:\WINDOWS\System32\RPCRT4.dll
0x00007ffe5a6e0000 - 0x00007ffe5a87d000 	C:\WINDOWS\System32\USER32.dll
0x00007ffe58b90000 - 0x00007ffe58bb2000 	C:\WINDOWS\System32\win32u.dll
0x00007ffe59a40000 - 0x00007ffe59a6c000 	C:\WINDOWS\System32\GDI32.dll
0x00007ffe588d0000 - 0x00007ffe589e5000 	C:\WINDOWS\System32\gdi32full.dll
0x00007ffe58eb0000 - 0x00007ffe58f4d000 	C:\WINDOWS\System32\msvcp_win.dll
0x00007ffe528b0000 - 0x00007ffe528ba000 	C:\WINDOWS\SYSTEM32\VERSION.dll
0x00007ffe51830000 - 0x00007ffe5184b000 	C:\Program Files\Java\jdk-20\bin\VCRUNTIME140.dll
0x00007ffe481a0000 - 0x00007ffe4843a000 	C:\WINDOWS\WinSxS\amd64_microsoft.windows.common-controls_6595b64144ccf1df_6.0.19041.1110_none_60b5254171f9507e\COMCTL32.dll
0x00007ffe597e0000 - 0x00007ffe59810000 	C:\WINDOWS\System32\IMM32.DLL
0x00007ffe530e0000 - 0x00007ffe530ec000 	C:\Program Files\Java\jdk-20\bin\vcruntime140_1.dll
0x00007ffe3b810000 - 0x00007ffe3b89e000 	C:\Program Files\Java\jdk-20\bin\msvcp140.dll
0x00007ffe1be10000 - 0x00007ffe1caa7000 	C:\Program Files\Java\jdk-20\bin\server\jvm.dll
0x00007ffe48720000 - 0x00007ffe48729000 	C:\WINDOWS\SYSTEM32\WSOCK32.dll
0x00007ffe5ae00000 - 0x00007ffe5ae6b000 	C:\WINDOWS\System32\WS2_32.dll
0x00007ffe49e30000 - 0x00007ffe49e57000 	C:\WINDOWS\SYSTEM32\WINMM.dll
0x00007ffe56780000 - 0x00007ffe56792000 	C:\WINDOWS\SYSTEM32\kernel.appcore.dll
0x00007ffe51820000 - 0x00007ffe5182a000 	C:\Program Files\Java\jdk-20\bin\jimage.dll
0x00007ffe4e9a0000 - 0x00007ffe4eb84000 	C:\WINDOWS\SYSTEM32\DBGHELP.DLL
0x00007ffe46c30000 - 0x00007ffe46c64000 	C:\WINDOWS\SYSTEM32\dbgcore.DLL
0x00007ffe58d20000 - 0x00007ffe58da2000 	C:\WINDOWS\System32\bcryptPrimitives.dll
0x00007ffe44af0000 - 0x00007ffe44b16000 	C:\Program Files\Java\jdk-20\bin\java.dll
0x00007ffe36490000 - 0x00007ffe36567000 	C:\Program Files\Java\jdk-20\bin\jsvml.dll
0x00007ffe59b20000 - 0x00007ffe5a264000 	C:\WINDOWS\System32\SHELL32.dll
0x00007ffe56980000 - 0x00007ffe57113000 	C:\WINDOWS\SYSTEM32\windows.storage.dll
0x00007ffe5aaa0000 - 0x00007ffe5adf4000 	C:\WINDOWS\System32\combase.dll
0x00007ffe582b0000 - 0x00007ffe582de000 	C:\WINDOWS\SYSTEM32\Wldp.dll
0x00007ffe5a920000 - 0x00007ffe5a9cd000 	C:\WINDOWS\System32\SHCORE.dll
0x00007ffe5aed0000 - 0x00007ffe5af25000 	C:\WINDOWS\System32\shlwapi.dll
0x00007ffe58810000 - 0x00007ffe5882f000 	C:\WINDOWS\SYSTEM32\profapi.dll
0x00007ffe49400000 - 0x00007ffe49413000 	C:\Program Files\Java\jdk-20\bin\net.dll
0x00007ffe4e4e0000 - 0x00007ffe4e5ea000 	C:\WINDOWS\SYSTEM32\WINHTTP.dll
0x00007ffe57fa0000 - 0x00007ffe5800a000 	C:\WINDOWS\system32\mswsock.dll
0x00007ffe44ad0000 - 0x00007ffe44ae6000 	C:\Program Files\Java\jdk-20\bin\nio.dll
0x00007ffe44ab0000 - 0x00007ffe44ac8000 	C:\Program Files\Java\jdk-20\bin\zip.dll
0x0000000069ac0000 - 0x0000000069ae4000 	C:\Users\HELEN\AppData\Local\Temp\jansi-2.4.0-63c71db9352a9f9a-jansi.dll
0x00007ffe51810000 - 0x00007ffe51820000 	C:\Program Files\Java\jdk-20\bin\verify.dll

dbghelp: loaded successfully - version: 4.0.5 - missing functions: none
symbol engine: initialized successfully - sym options: 0x614 - pdb path: .;C:\Program Files\Java\jdk-20\bin;C:\WINDOWS\SYSTEM32;C:\WINDOWS\WinSxS\amd64_microsoft.windows.common-controls_6595b64144ccf1df_6.0.19041.1110_none_60b5254171f9507e;C:\Program Files\Java\jdk-20\bin\server;C:\Users\HELEN\AppData\Local\Temp

VM Arguments:
jvm_args: -Dmaven.multiModuleProjectDirectory=C:/Users/HELEN/Documents/project2/0523-RemFr-JavaAngular-P2-backend-brainwave 
java_command: org.apache.maven.wrapper.MavenWrapperMain spring-boot:run
java_class_path (initial): C:/Users/HELEN/Documents/project2/0523-RemFr-JavaAngular-P2-backend-brainwave/.mvn/wrapper/maven-wrapper.jar
Launcher Type: SUN_STANDARD

[Global flags]
     intx CICompilerCount                          = 3                                         {product} {ergonomic}
     uint ConcGCThreads                            = 1                                         {product} {ergonomic}
     uint G1ConcRefinementThreads                  = 4                                         {product} {ergonomic}
   size_t G1HeapRegionSize                         = 1048576                                   {product} {ergonomic}
    uintx GCDrainStackTargetSize                   = 64                                        {product} {ergonomic}
   size_t InitialHeapSize                          = 132120576                                 {product} {ergonomic}
   size_t MarkStackSize                            = 4194304                                   {product} {ergonomic}
   size_t MaxHeapSize                              = 2105540608                                {product} {ergonomic}
   size_t MaxNewSize                               = 1262485504                                {product} {ergonomic}
   size_t MinHeapDeltaBytes                        = 1048576                                   {product} {ergonomic}
   size_t MinHeapSize                              = 8388608                                   {product} {ergonomic}
    uintx NonNMethodCodeHeapSize                   = 5832780                                {pd product} {ergonomic}
    uintx NonProfiledCodeHeapSize                  = 122912730                              {pd product} {ergonomic}
     bool PerfDisableSharedMem                     = true                                      {product} {ergonomic}
    uintx ProfiledCodeHeapSize                     = 122912730                              {pd product} {ergonomic}
    uintx ReservedCodeCacheSize                    = 251658240                              {pd product} {ergonomic}
     bool SegmentedCodeCache                       = true                                      {product} {ergonomic}
   size_t SoftMaxHeapSize                          = 2105540608                             {manageable} {ergonomic}
     bool UseCompressedClassPointers               = true                           {product lp64_product} {ergonomic}
     bool UseCompressedOops                        = true                           {product lp64_product} {ergonomic}
     bool UseG1GC                                  = true                                      {product} {ergonomic}
     bool UseLargePagesIndividualAllocation        = false                                  {pd product} {ergonomic}

Logging:
Log output configuration:
 #0: stdout all=warning uptime,level,tags foldmultilines=false
 #1: stderr all=off uptime,level,tags foldmultilines=false

Environment Variables:
JAVA_HOME=C:/Program Files/Java/jdk-20
PATH=C:\Users\HELEN\bin;C:\Program Files\Git\mingw64\bin;C:\Program Files\Git\usr\local\bin;C:\Program Files\Git\usr\bin;C:\Program Files\Git\usr\bin;C:\Program Files\Git\mingw64\bin;C:\Program Files\Git\usr\bin;C:\Users\HELEN\bin;C:\Program Files\Common Files\Oracle\Java\javapath;C:\Program Files (x86)\Common Files\Oracle\Java\javapath;C:\Program Files (x86)\Intel\TXE Components\iCLS;C:\Program Files\Intel\TXE Components\iCLS;C:\WINDOWS\system32;C:\WINDOWS;C:\WINDOWS\System32\Wbem;C:\WINDOWS\System32\WindowsPowerShell\v1.0;C:\WINDOWS\System32\OpenSSH;C:\Program Files\Intel\TXE Components\DAL;C:\Program Files (x86)\Intel\TXE Components\DAL;C:\Program Files\Intel\TXE Components\IPT;C:\Program Files (x86)\Intel\TXE Components\IPT;C:\Program Files\Git\cmd;C:\Users\HELEN\AppData\Roaming\nvm;C:\Program Files\nodejs;C:\Program Files\nodejs;C:\Program Files\dotnet;C:\Program Files\Microsoft SQL Server\150\Tools\Binn;C:\Program Files\Microsoft SQL Server\Client SDK\ODBC\170\Tools\Binn;C:\Program Files\MySQL\MySQL Shell 8.0\bin;C:\Users\HELEN\AppData\Local\Microsoft\WindowsApps;C:\Users\HELEN\AppData\Local\Programs\Microsoft VS Code\bin;C:\Users\HELEN\AppData\Local\GitHubDesktop\bin;C:\Users\HELEN\AppData\Roaming\nvm;C:\Program Files\nodejs;C:\Users\HELEN\AppData\Roaming\npm;C:\Users\HELEN\.dotnet\tools;C:\Users\HELEN\AppData\Local\JetBrains\Toolbox\scripts;C:\Program Files\Git\usr\bin\vendor_perl;C:\Program Files\Git\usr\bin\core_perl
USERNAME=HELEN
SHELL=C:\Program Files\Git\usr\bin\bash.exe
DISPLAY=needs-to-be-defined
LANG=en_US.UTF-8
TERM=xterm-256color
TMPDIR=C:\Users\HELEN\AppData\Local\Temp
OS=Windows_NT
PROCESSOR_IDENTIFIER=Intel64 Family 6 Model 122 Stepping 8, GenuineIntel
TMP=C:\Users\HELEN\AppData\Local\Temp
TEMP=C:\Users\HELEN\AppData\Local\Temp




---------------  S Y S T E M  ---------------

OS:
 Windows 10 , 64 bit Build 19041 (10.0.19041.3031)
OS uptime: 0 days 4:39 hours

CPU: total 4 (initial active 4) (4 cores per cpu, 1 threads per core) family 6 model 122 stepping 8 microcode 0xc, cx8, cmov, fxsr, mmx, 3dnowpref, sse, sse2, sse3, ssse3, sse4.1, sse4.2, popcnt, tsc, tscinvbit, aes, erms, clmul, sha, clflush, clflushopt, rdtscp, rdpid

Memory: 4k page, system-wide physical 8027M (2055M free)
TotalPageFile size 14939M (AvailPageFile size 6114M)
current process WorkingSet (physical memory assigned to process): 128M, peak: 128M
current process commit charge ("private bytes"): 236M, peak: 236M

vm_info: Java HotSpot(TM) 64-Bit Server VM (20.0.1+9-29) for windows-amd64 JRE (20.0.1+9-29), built on 2023-03-07T13:56:11Z by "mach5one" with MS VC++ 17.1 (VS2022)

END.
